This file contains any messages produced by compilers while
running configure, to aid debugging if configure makes a mistake.

It was created by cronolog configure 1.6.3, which was
generated by GNU Autoconf 2.71.  Invocation command line was

  $ ./configure

## --------- ##
## Platform. ##
## --------- ##

hostname = moon
uname -m = x86_64
uname -r = 6.6.0-gentoo
uname -s = Linux
uname -v = #2 SMP PREEMPT_DYNAMIC Wed Nov  1 19:18:50 EDT 2023

/usr/bin/uname -p = Intel(R) Xeon(R) CPU E5-2650 0 @ 2.00GHz
/bin/uname -X     = unknown

/bin/arch              = unknown
/usr/bin/arch -k       = unknown
/usr/convex/getsysinfo = unknown
/usr/bin/hostinfo      = unknown
/bin/machine           = unknown
/usr/bin/oslevel       = unknown
/bin/universe          = unknown

PATH: /usr/local/sbin/
PATH: /usr/local/bin/
PATH: /usr/sbin/
PATH: /usr/bin/
PATH: /sbin/
PATH: /bin/
PATH: /opt/bin/
PATH: /usr/lib/llvm/17/bin/
PATH: /usr/lib/llvm/16/bin/


## ----------- ##
## Core tests. ##
## ----------- ##

configure:2515: looking for aux files: config.guess config.sub compile missing install-sh
configure:2528:  trying ./config/
configure:2557:   ./config/config.guess found
configure:2557:   ./config/config.sub found
configure:2557:   ./config/compile found
configure:2557:   ./config/missing found
configure:2539:   ./config/install-sh found
configure:2690: checking for a BSD-compatible install
configure:2763: result: /usr/bin/install -c
configure:2774: checking whether build environment is sane
configure:2829: result: yes
configure:2988: checking for a race-free mkdir -p
configure:3032: result: /bin/mkdir -p
configure:3039: checking for gawk
configure:3060: found /usr/bin/gawk
configure:3071: result: gawk
configure:3082: checking whether make sets $(MAKE)
configure:3105: result: yes
configure:3135: checking whether make supports nested variables
configure:3153: result: yes
configure:3354: checking for gcc
configure:3375: found /usr/bin/gcc
configure:3386: result: gcc
configure:3739: checking for C compiler version
configure:3748: gcc --version >&5
gcc (Gentoo 12.3.1_p20230526 p2) 12.3.1 20230526
Copyright (C) 2022 Free Software Foundation, Inc.
This is free software; see the source for copying conditions.  There is NO
warranty; not even for MERCHANTABILITY or FITNESS FOR A PARTICULAR PURPOSE.

configure:3759: $? = 0
configure:3748: gcc -v >&5
Using built-in specs.
COLLECT_GCC=gcc
COLLECT_LTO_WRAPPER=/usr/libexec/gcc/x86_64-pc-linux-gnu/12/lto-wrapper
Target: x86_64-pc-linux-gnu
Configured with: /var/tmp/portage/sys-devel/gcc-12.3.1_p20230526/work/gcc-12-20230526/configure --host=x86_64-pc-linux-gnu --build=x86_64-pc-linux-gnu --prefix=/usr --bindir=/usr/x86_64-pc-linux-gnu/gcc-bin/12 --includedir=/usr/lib/gcc/x86_64-pc-linux-gnu/12/include --datadir=/usr/share/gcc-data/x86_64-pc-linux-gnu/12 --mandir=/usr/share/gcc-data/x86_64-pc-linux-gnu/12/man --infodir=/usr/share/gcc-data/x86_64-pc-linux-gnu/12/info --with-gxx-include-dir=/usr/lib/gcc/x86_64-pc-linux-gnu/12/include/g++-v12 --disable-silent-rules --disable-dependency-tracking --with-python-dir=/share/gcc-data/x86_64-pc-linux-gnu/12/python --enable-languages=c,c++,fortran --enable-obsolete --enable-secureplt --disable-werror --with-system-zlib --enable-nls --without-included-gettext --disable-libunwind-exceptions --enable-checking=release --with-bugurl=https://bugs.gentoo.org/ --with-pkgversion='Gentoo 12.3.1_p20230526 p2' --with-gcc-major-version-only --enable-libstdcxx-time --enable-lto --disable-libstdcxx-pch --enable-shared --enable-threads=posix --enable-__cxa_atexit --enable-clocale=gnu --enable-multilib --with-multilib-list=m32,m64 --disable-fixed-point --enable-targets=all --enable-libgomp --disable-libssp --disable-libada --disable-cet --disable-systemtap --disable-valgrind-annotations --disable-vtable-verify --disable-libvtv --without-zstd --without-isl --enable-default-pie --enable-default-ssp
Thread model: posix
Supported LTO compression algorithms: zlib
gcc version 12.3.1 20230526 (Gentoo 12.3.1_p20230526 p2) 
configure:3759: $? = 0
configure:3748: gcc -V >&5
gcc: error: unrecognized command-line option '-V'
gcc: fatal error: no input files
compilation terminated.
configure:3759: $? = 1
configure:3748: gcc -qversion >&5
gcc: error: unrecognized command-line option '-qversion'; did you mean '--version'?
gcc: fatal error: no input files
compilation terminated.
configure:3759: $? = 1
configure:3748: gcc -version >&5
gcc: error: unrecognized command-line option '-version'
gcc: fatal error: no input files
compilation terminated.
configure:3759: $? = 1
configure:3779: checking whether the C compiler works
configure:3801: gcc    conftest.c  >&5
configure:3805: $? = 0
configure:3855: result: yes
configure:3858: checking for C compiler default output file name
configure:3860: result: a.out
configure:3866: checking for suffix of executables
configure:3873: gcc -o conftest    conftest.c  >&5
configure:3877: $? = 0
configure:3900: result: 
configure:3922: checking whether we are cross compiling
configure:3930: gcc -o conftest    conftest.c  >&5
configure:3934: $? = 0
configure:3941: ./conftest
configure:3945: $? = 0
configure:3960: result: no
configure:3965: checking for suffix of object files
configure:3988: gcc -c   conftest.c >&5
configure:3992: $? = 0
configure:4014: result: o
configure:4018: checking whether the compiler supports GNU C
configure:4038: gcc -c   conftest.c >&5
configure:4038: $? = 0
configure:4048: result: yes
configure:4059: checking whether gcc accepts -g
configure:4080: gcc -c -g  conftest.c >&5
configure:4080: $? = 0
configure:4124: result: yes
configure:4144: checking for gcc option to enable C11 features
configure:4159: gcc  -c -g -O2  conftest.c >&5
configure:4159: $? = 0
configure:4177: result: none needed
configure:4293: checking whether gcc understands -c and -o together
configure:4316: gcc -c conftest.c -o conftest2.o
configure:4319: $? = 0
configure:4316: gcc -c conftest.c -o conftest2.o
configure:4319: $? = 0
configure:4331: result: yes
configure:4351: checking whether make supports the include directive
configure:4366: make -f confmf.GNU && cat confinc.out
this is the am__doit target
configure:4369: $? = 0
configure:4388: result: yes (GNU style)
configure:4414: checking dependency style of gcc
configure:4526: result: gcc3
configure:4589: checking for ranlib
configure:4610: found /usr/bin/ranlib
configure:4621: result: ranlib
configure:4644: checking whether ln -s works
configure:4648: result: yes
configure:4655: checking whether make sets $(MAKE)
configure:4678: result: yes
configure:4690: checking for perl
configure:4714: found /usr/bin/perl
configure:4727: result: /usr/bin/perl
configure:4747: checking for stdio.h
configure:4747: gcc -c -g -O2  conftest.c >&5
configure:4747: $? = 0
configure:4747: result: yes
configure:4747: checking for stdlib.h
configure:4747: gcc -c -g -O2  conftest.c >&5
configure:4747: $? = 0
configure:4747: result: yes
configure:4747: checking for string.h
configure:4747: gcc -c -g -O2  conftest.c >&5
configure:4747: $? = 0
configure:4747: result: yes
configure:4747: checking for inttypes.h
configure:4747: gcc -c -g -O2  conftest.c >&5
configure:4747: $? = 0
configure:4747: result: yes
configure:4747: checking for stdint.h
configure:4747: gcc -c -g -O2  conftest.c >&5
configure:4747: $? = 0
configure:4747: result: yes
configure:4747: checking for strings.h
configure:4747: gcc -c -g -O2  conftest.c >&5
configure:4747: $? = 0
configure:4747: result: yes
configure:4747: checking for sys/stat.h
configure:4747: gcc -c -g -O2  conftest.c >&5
configure:4747: $? = 0
configure:4747: result: yes
configure:4747: checking for sys/types.h
configure:4747: gcc -c -g -O2  conftest.c >&5
configure:4747: $? = 0
configure:4747: result: yes
configure:4747: checking for unistd.h
configure:4747: gcc -c -g -O2  conftest.c >&5
configure:4747: $? = 0
configure:4747: result: yes
configure:4747: checking for sys/time.h
configure:4747: gcc -c -g -O2  conftest.c >&5
configure:4747: $? = 0
configure:4747: result: yes
configure:4772: checking for grep that handles long lines and -e
configure:4836: result: /bin/grep
configure:4841: checking for egrep
configure:4909: result: /bin/grep -E
configure:4915: checking whether stat file-mode macros are broken
configure:4943: gcc -c -g -O2  conftest.c >&5
configure:4943: $? = 0
configure:4951: result: no
configure:4967: checking whether struct tm is in sys/time.h or time.h
configure:4988: gcc -c -g -O2  conftest.c >&5
configure:4988: $? = 0
configure:4996: result: time.h
configure:5004: checking for gcc options needed to detect all undeclared functions
configure:5026: gcc -c -g -O2   conftest.c >&5
conftest.c: In function 'main':
conftest.c:27:8: error: 'strchr' undeclared (first use in this function)
   27 | (void) strchr;
      |        ^~~~~~
conftest.c:1:1: note: 'strchr' is defined in header '<string.h>'; did you forget to '#include <string.h>'?
    1 | /* confdefs.h */
conftest.c:27:8: note: each undeclared identifier is reported only once for each function it appears in
   27 | (void) strchr;
      |        ^~~~~~
configure:5026: $? = 1
configure: failed program was:
| /* confdefs.h */
| #define PACKAGE_NAME "cronolog"
| #define PACKAGE_TARNAME "cronolog"
| #define PACKAGE_VERSION "1.6.3"
| #define PACKAGE_STRING "cronolog 1.6.3"
| #define PACKAGE_BUGREPORT "A.Ford@ford-mason.co.uk"
| #define PACKAGE_URL ""
| #define PACKAGE "cronolog"
| #define VERSION "1.6.3"
| #define HAVE_STDIO_H 1
| #define HAVE_STDLIB_H 1
| #define HAVE_STRING_H 1
| #define HAVE_INTTYPES_H 1
| #define HAVE_STDINT_H 1
| #define HAVE_STRINGS_H 1
| #define HAVE_SYS_STAT_H 1
| #define HAVE_SYS_TYPES_H 1
| #define HAVE_UNISTD_H 1
| #define HAVE_SYS_TIME_H 1
| #define STDC_HEADERS 1
| #define TIME_WITH_SYS_TIME 1
| /* end confdefs.h.  */
| 
| int
| main (void)
| {
| (void) strchr;
|   ;
|   return 0;
| }
configure:5053: gcc -c -g -O2   conftest.c >&5
configure:5053: $? = 0
configure:5070: result: none needed
configure:5084: checking for struct tm.tm_zone
configure:5084: gcc -c -g -O2  conftest.c >&5
configure:5084: $? = 0
configure:5084: result: yes
configure:5150: checking for fcntl.h
configure:5150: gcc -c -g -O2  conftest.c >&5
configure:5150: $? = 0
configure:5150: result: yes
configure:5156: checking for langinfo.h
configure:5156: gcc -c -g -O2  conftest.c >&5
configure:5156: $? = 0
configure:5156: result: yes
configure:5162: checking for libintl.h
configure:5162: gcc -c -g -O2  conftest.c >&5
configure:5162: $? = 0
configure:5162: result: yes
configure:5168: checking for limits.h
configure:5168: gcc -c -g -O2  conftest.c >&5
configure:5168: $? = 0
configure:5168: result: yes
configure:5174: checking for locale.h
configure:5174: gcc -c -g -O2  conftest.c >&5
configure:5174: $? = 0
configure:5174: result: yes
configure:5180: checking for stdlib.h
configure:5180: result: yes
configure:5186: checking for string.h
configure:5186: result: yes
configure:5192: checking for sys/time.h
configure:5192: result: yes
configure:5198: checking for unistd.h
configure:5198: result: yes
configure:5208: checking for an ANSI C-conforming const
configure:5275: gcc -c -g -O2  conftest.c >&5
configure:5275: $? = 0
configure:5283: result: yes
configure:5291: checking for mode_t
configure:5291: gcc -c -g -O2  conftest.c >&5
configure:5291: $? = 0
configure:5291: gcc -c -g -O2  conftest.c >&5
conftest.c: In function 'main':
conftest.c:65:21: error: expected expression before ')' token
   65 | if (sizeof ((mode_t)))
      |                     ^
configure:5291: $? = 1
configure: failed program was:
| /* confdefs.h */
| #define PACKAGE_NAME "cronolog"
| #define PACKAGE_TARNAME "cronolog"
| #define PACKAGE_VERSION "1.6.3"
| #define PACKAGE_STRING "cronolog 1.6.3"
| #define PACKAGE_BUGREPORT "A.Ford@ford-mason.co.uk"
| #define PACKAGE_URL ""
| #define PACKAGE "cronolog"
| #define VERSION "1.6.3"
| #define HAVE_STDIO_H 1
| #define HAVE_STDLIB_H 1
| #define HAVE_STRING_H 1
| #define HAVE_INTTYPES_H 1
| #define HAVE_STDINT_H 1
| #define HAVE_STRINGS_H 1
| #define HAVE_SYS_STAT_H 1
| #define HAVE_SYS_TYPES_H 1
| #define HAVE_UNISTD_H 1
| #define HAVE_SYS_TIME_H 1
| #define STDC_HEADERS 1
| #define TIME_WITH_SYS_TIME 1
| #define HAVE_STRUCT_TM_TM_ZONE 1
| #define HAVE_TM_ZONE 1
| #define HAVE_FCNTL_H 1
| #define HAVE_LANGINFO_H 1
| #define HAVE_LIBINTL_H 1
| #define HAVE_LIMITS_H 1
| #define HAVE_LOCALE_H 1
| #define HAVE_STDLIB_H 1
| #define HAVE_STRING_H 1
| #define HAVE_SYS_TIME_H 1
| #define HAVE_UNISTD_H 1
| /* end confdefs.h.  */
| #include <stddef.h>
| #ifdef HAVE_STDIO_H
| # include <stdio.h>
| #endif
| #ifdef HAVE_STDLIB_H
| # include <stdlib.h>
| #endif
| #ifdef HAVE_STRING_H
| # include <string.h>
| #endif
| #ifdef HAVE_INTTYPES_H
| # include <inttypes.h>
| #endif
| #ifdef HAVE_STDINT_H
| # include <stdint.h>
| #endif
| #ifdef HAVE_STRINGS_H
| # include <strings.h>
| #endif
| #ifdef HAVE_SYS_TYPES_H
| # include <sys/types.h>
| #endif
| #ifdef HAVE_SYS_STAT_H
| # include <sys/stat.h>
| #endif
| #ifdef HAVE_UNISTD_H
| # include <unistd.h>
| #endif
| int
| main (void)
| {
| if (sizeof ((mode_t)))
| 	    return 0;
|   ;
|   return 0;
| }
configure:5291: result: yes
configure:5302: checking for pid_t
configure:5302: gcc -c -g -O2  conftest.c >&5
configure:5302: $? = 0
configure:5302: gcc -c -g -O2  conftest.c >&5
conftest.c: In function 'main':
conftest.c:66:20: error: expected expression before ')' token
   66 | if (sizeof ((pid_t)))
      |                    ^
configure:5302: $? = 1
configure: failed program was:
| /* confdefs.h */
| #define PACKAGE_NAME "cronolog"
| #define PACKAGE_TARNAME "cronolog"
| #define PACKAGE_VERSION "1.6.3"
| #define PACKAGE_STRING "cronolog 1.6.3"
| #define PACKAGE_BUGREPORT "A.Ford@ford-mason.co.uk"
| #define PACKAGE_URL ""
| #define PACKAGE "cronolog"
| #define VERSION "1.6.3"
| #define HAVE_STDIO_H 1
| #define HAVE_STDLIB_H 1
| #define HAVE_STRING_H 1
| #define HAVE_INTTYPES_H 1
| #define HAVE_STDINT_H 1
| #define HAVE_STRINGS_H 1
| #define HAVE_SYS_STAT_H 1
| #define HAVE_SYS_TYPES_H 1
| #define HAVE_UNISTD_H 1
| #define HAVE_SYS_TIME_H 1
| #define STDC_HEADERS 1
| #define TIME_WITH_SYS_TIME 1
| #define HAVE_STRUCT_TM_TM_ZONE 1
| #define HAVE_TM_ZONE 1
| #define HAVE_FCNTL_H 1
| #define HAVE_LANGINFO_H 1
| #define HAVE_LIBINTL_H 1
| #define HAVE_LIMITS_H 1
| #define HAVE_LOCALE_H 1
| #define HAVE_STDLIB_H 1
| #define HAVE_STRING_H 1
| #define HAVE_SYS_TIME_H 1
| #define HAVE_UNISTD_H 1
| /* end confdefs.h.  */
| #include <stddef.h>
| #ifdef HAVE_STDIO_H
| # include <stdio.h>
| #endif
| #ifdef HAVE_STDLIB_H
| # include <stdlib.h>
| #endif
| #ifdef HAVE_STRING_H
| # include <string.h>
| #endif
| #ifdef HAVE_INTTYPES_H
| # include <inttypes.h>
| #endif
| #ifdef HAVE_STDINT_H
| # include <stdint.h>
| #endif
| #ifdef HAVE_STRINGS_H
| # include <strings.h>
| #endif
| #ifdef HAVE_SYS_TYPES_H
| # include <sys/types.h>
| #endif
| #ifdef HAVE_SYS_STAT_H
| # include <sys/stat.h>
| #endif
| #ifdef HAVE_UNISTD_H
| # include <unistd.h>
| #endif
| 
| int
| main (void)
| {
| if (sizeof ((pid_t)))
| 	    return 0;
|   ;
|   return 0;
| }
configure:5302: result: yes
configure:5338: checking for size_t
configure:5338: gcc -c -g -O2  conftest.c >&5
configure:5338: $? = 0
configure:5338: gcc -c -g -O2  conftest.c >&5
conftest.c: In function 'main':
conftest.c:65:21: error: expected expression before ')' token
   65 | if (sizeof ((size_t)))
      |                     ^
configure:5338: $? = 1
configure: failed program was:
| /* confdefs.h */
| #define PACKAGE_NAME "cronolog"
| #define PACKAGE_TARNAME "cronolog"
| #define PACKAGE_VERSION "1.6.3"
| #define PACKAGE_STRING "cronolog 1.6.3"
| #define PACKAGE_BUGREPORT "A.Ford@ford-mason.co.uk"
| #define PACKAGE_URL ""
| #define PACKAGE "cronolog"
| #define VERSION "1.6.3"
| #define HAVE_STDIO_H 1
| #define HAVE_STDLIB_H 1
| #define HAVE_STRING_H 1
| #define HAVE_INTTYPES_H 1
| #define HAVE_STDINT_H 1
| #define HAVE_STRINGS_H 1
| #define HAVE_SYS_STAT_H 1
| #define HAVE_SYS_TYPES_H 1
| #define HAVE_UNISTD_H 1
| #define HAVE_SYS_TIME_H 1
| #define STDC_HEADERS 1
| #define TIME_WITH_SYS_TIME 1
| #define HAVE_STRUCT_TM_TM_ZONE 1
| #define HAVE_TM_ZONE 1
| #define HAVE_FCNTL_H 1
| #define HAVE_LANGINFO_H 1
| #define HAVE_LIBINTL_H 1
| #define HAVE_LIMITS_H 1
| #define HAVE_LOCALE_H 1
| #define HAVE_STDLIB_H 1
| #define HAVE_STRING_H 1
| #define HAVE_SYS_TIME_H 1
| #define HAVE_UNISTD_H 1
| /* end confdefs.h.  */
| #include <stddef.h>
| #ifdef HAVE_STDIO_H
| # include <stdio.h>
| #endif
| #ifdef HAVE_STDLIB_H
| # include <stdlib.h>
| #endif
| #ifdef HAVE_STRING_H
| # include <string.h>
| #endif
| #ifdef HAVE_INTTYPES_H
| # include <inttypes.h>
| #endif
| #ifdef HAVE_STDINT_H
| # include <stdint.h>
| #endif
| #ifdef HAVE_STRINGS_H
| # include <strings.h>
| #endif
| #ifdef HAVE_SYS_TYPES_H
| # include <sys/types.h>
| #endif
| #ifdef HAVE_SYS_STAT_H
| # include <sys/stat.h>
| #endif
| #ifdef HAVE_UNISTD_H
| # include <unistd.h>
| #endif
| int
| main (void)
| {
| if (sizeof ((size_t)))
| 	    return 0;
|   ;
|   return 0;
| }
configure:5338: result: yes
configure:5348: checking whether struct tm is in sys/time.h or time.h
configure:5377: result: time.h
configure:5393: checking build system type
configure:5408: result: x86_64-pc-linux-gnu
configure:5428: checking host system type
configure:5442: result: x86_64-pc-linux-gnu
configure:5462: checking for GNU libc compatible malloc
configure:5494: gcc -o conftest -g -O2   conftest.c  >&5
configure:5494: $? = 0
configure:5494: ./conftest
configure:5494: $? = 0
configure:5505: result: yes
configure:5532: checking for alarm
configure:5532: gcc -o conftest -g -O2   conftest.c  >&5
configure:5532: $? = 0
configure:5532: result: yes
configure:5532: checking for vprintf
configure:5532: gcc -o conftest -g -O2   conftest.c  >&5
conftest.c:52:6: warning: conflicting types for built-in function 'vprintf'; expected 'int(const char *, __va_list_tag *)' [-Wbuiltin-declaration-mismatch]
   52 | char vprintf (void);
      |      ^~~~~~~
conftest.c:44:1: note: 'vprintf' is declared in header '<stdio.h>'
   43 | #include <limits.h>
   44 | #undef vprintf
configure:5532: $? = 0
configure:5532: result: yes
configure:5543: checking for working mktime
configure:5741: gcc -o conftest -g -O2   conftest.c  >&5
configure:5741: $? = 0
configure:5741: ./conftest
configure:5741: $? = 0
configure:5752: result: yes
configure:5763: checking whether lstat correctly handles trailing slash
configure:5796: gcc -o conftest -g -O2   conftest.c  >&5
configure:5796: $? = 0
configure:5796: ./conftest
configure:5796: $? = 0
configure:5814: result: yes
configure:5831: checking whether stat accepts an empty string
configure:5853: gcc -o conftest -g -O2   conftest.c  >&5
configure:5853: $? = 0
configure:5853: ./conftest
configure:5853: $? = 0
configure:5864: result: no
configure:5881: checking for strftime
configure:5881: gcc -o conftest -g -O2   conftest.c  >&5
conftest.c:54:6: warning: conflicting types for built-in function 'strftime'; expected 'long unsigned int(char *, long unsigned int,  const char *, const void *)' [-Wbuiltin-declaration-mismatch]
   54 | char strftime (void);
      |      ^~~~~~~~
conftest.c:46:1: note: 'strftime' is declared in header '<time.h>'
   45 | #include <limits.h>
   46 | #undef strftime
configure:5881: $? = 0
configure:5881: result: yes
configure:5952: checking for localtime_r
configure:5952: gcc -o conftest -g -O2   conftest.c  >&5
configure:5952: $? = 0
configure:5952: result: yes
configure:5958: checking for memset
configure:5958: gcc -o conftest -g -O2   conftest.c  >&5
conftest.c:56:6: warning: conflicting types for built-in function 'memset'; expected 'void *(void *, int,  long unsigned int)' [-Wbuiltin-declaration-mismatch]
   56 | char memset (void);
      |      ^~~~~~
conftest.c:48:1: note: 'memset' is declared in header '<string.h>'
   47 | #include <limits.h>
   48 | #undef memset
configure:5958: $? = 0
configure:5958: result: yes
configure:5964: checking for mkdir
configure:5964: gcc -o conftest -g -O2   conftest.c  >&5
configure:5964: $? = 0
configure:5964: result: yes
configure:5970: checking for nl_langinfo
configure:5970: gcc -o conftest -g -O2   conftest.c  >&5
configure:5970: $? = 0
configure:5970: result: yes
configure:5976: checking for putenv
configure:5976: gcc -o conftest -g -O2   conftest.c  >&5
configure:5976: $? = 0
configure:5976: result: yes
configure:5982: checking for strcasecmp
configure:5982: gcc -o conftest -g -O2   conftest.c  >&5
conftest.c:60:6: warning: conflicting types for built-in function 'strcasecmp'; expected 'int(const char *, const char *)' [-Wbuiltin-declaration-mismatch]
   60 | char strcasecmp (void);
      |      ^~~~~~~~~~
configure:5982: $? = 0
configure:5982: result: yes
configure:5988: checking for strchr
configure:5988: gcc -o conftest -g -O2   conftest.c  >&5
conftest.c:61:6: warning: conflicting types for built-in function 'strchr'; expected 'char *(const char *, int)' [-Wbuiltin-declaration-mismatch]
   61 | char strchr (void);
      |      ^~~~~~
conftest.c:53:1: note: 'strchr' is declared in header '<string.h>'
   52 | #include <limits.h>
   53 | #undef strchr
configure:5988: $? = 0
configure:5988: result: yes
configure:5994: checking for strncasecmp
configure:5994: gcc -o conftest -g -O2   conftest.c  >&5
conftest.c:62:6: warning: conflicting types for built-in function 'strncasecmp'; expected 'int(const char *, const char *, long unsigned int)' [-Wbuiltin-declaration-mismatch]
   62 | char strncasecmp (void);
      |      ^~~~~~~~~~~
configure:5994: $? = 0
configure:5994: result: yes
configure:6001: checking for strptime
configure:6001: gcc -o conftest -g -O2   conftest.c  >&5
configure:6001: $? = 0
configure:6001: result: yes
configure:6014: checking for localtime_r
configure:6014: result: yes
configure:6132: checking that generated files are newer than configure
configure:6138: result: done
configure:6161: creating ./config.status

## ---------------------- ##
## Running config.status. ##
## ---------------------- ##

This file was extended by cronolog config.status 1.6.3, which was
generated by GNU Autoconf 2.71.  Invocation command line was

  CONFIG_FILES    = 
  CONFIG_HEADERS  = 
  CONFIG_LINKS    = 
  CONFIG_COMMANDS = 
  $ ./config.status 

on moon

config.status:892: creating Makefile
config.status:892: creating cronolog.spec
config.status:892: creating doc/Makefile
config.status:892: creating lib/Makefile
config.status:892: creating src/Makefile
config.status:892: creating testsuite/Makefile
config.status:892: creating config.h
config.status:1121: executing depfiles commands
config.status:1198: cd lib       && sed -e '/# am--include-marker/d' Makefile         | make -f - am--depfiles
config.status:1203: $? = 0
config.status:1198: cd src       && sed -e '/# am--include-marker/d' Makefile         | make -f - am--depfiles
config.status:1203: $? = 0

## ---------------- ##
## Cache variables. ##
## ---------------- ##

ac_cv_build=x86_64-pc-linux-gnu
ac_cv_c_compiler_gnu=yes
ac_cv_c_const=yes
ac_cv_c_undeclared_builtin_options='none needed'
ac_cv_env_CC_set=
ac_cv_env_CC_value=
ac_cv_env_CFLAGS_set=
ac_cv_env_CFLAGS_value=
ac_cv_env_CPPFLAGS_set=
ac_cv_env_CPPFLAGS_value=
ac_cv_env_LDFLAGS_set=
ac_cv_env_LDFLAGS_value=
ac_cv_env_LIBS_set=
ac_cv_env_LIBS_value=
ac_cv_env_build_alias_set=
ac_cv_env_build_alias_value=
ac_cv_env_host_alias_set=
ac_cv_env_host_alias_value=
ac_cv_env_target_alias_set=
ac_cv_env_target_alias_value=
ac_cv_func_alarm=yes
ac_cv_func_localtime_r=yes
ac_cv_func_lstat_dereferences_slashed_symlink=yes
ac_cv_func_malloc_0_nonnull=yes
ac_cv_func_memset=yes
ac_cv_func_mkdir=yes
ac_cv_func_nl_langinfo=yes
ac_cv_func_putenv=yes
ac_cv_func_stat_empty_string_bug=no
ac_cv_func_strcasecmp=yes
ac_cv_func_strchr=yes
ac_cv_func_strftime=yes
ac_cv_func_strncasecmp=yes
ac_cv_func_strptime=yes
ac_cv_func_vprintf=yes
ac_cv_func_working_mktime=yes
ac_cv_header_fcntl_h=yes
ac_cv_header_inttypes_h=yes
ac_cv_header_langinfo_h=yes
ac_cv_header_libintl_h=yes
ac_cv_header_limits_h=yes
ac_cv_header_locale_h=yes
ac_cv_header_stat_broken=no
ac_cv_header_stdint_h=yes
ac_cv_header_stdio_h=yes
ac_cv_header_stdlib_h=yes
ac_cv_header_string_h=yes
ac_cv_header_strings_h=yes
ac_cv_header_sys_stat_h=yes
ac_cv_header_sys_time_h=yes
ac_cv_header_sys_types_h=yes
ac_cv_header_unistd_h=yes
ac_cv_host=x86_64-pc-linux-gnu
ac_cv_member_struct_tm_tm_zone=yes
ac_cv_objext=o
ac_cv_path_EGREP='/bin/grep -E'
ac_cv_path_GREP=/bin/grep
ac_cv_path_PERL=/usr/bin/perl
ac_cv_path_install='/usr/bin/install -c'
ac_cv_path_mkdir=/bin/mkdir
ac_cv_prog_AWK=gawk
ac_cv_prog_ac_ct_CC=gcc
ac_cv_prog_ac_ct_RANLIB=ranlib
ac_cv_prog_cc_c11=
ac_cv_prog_cc_g=yes
ac_cv_prog_cc_stdc=
ac_cv_prog_make_make_set=yes
ac_cv_struct_tm=time.h
ac_cv_type_mode_t=yes
ac_cv_type_pid_t=yes
ac_cv_type_size_t=yes
am_cv_CC_dependencies_compiler_type=gcc3
am_cv_make_support_nested_variables=yes
am_cv_prog_cc_c_o=yes

## ----------------- ##
## Output variables. ##
## ----------------- ##

ACLOCAL='${SHELL} '\''/home/germ/cronolog/config/missing'\'' aclocal-1.16'
AMDEPBACKSLASH='\'
AMDEP_FALSE='#'
AMDEP_TRUE=''
AMTAR='$${TAR-tar}'
AM_BACKSLASH='\'
AM_DEFAULT_V='$(AM_DEFAULT_VERBOSITY)'
AM_DEFAULT_VERBOSITY='1'
AM_V='$(V)'
AUTOCONF='${SHELL} '\''/home/germ/cronolog/config/missing'\'' autoconf'
AUTOHEADER='${SHELL} '\''/home/germ/cronolog/config/missing'\'' autoheader'
AUTOMAKE='${SHELL} '\''/home/germ/cronolog/config/missing'\'' automake-1.16'
AWK='gawk'
CC='gcc'
CCDEPMODE='depmode=gcc3'
CFLAGS='-g -O2'
CPPFLAGS=''
CSCOPE='cscope'
CTAGS='ctags'
CYGPATH_W='echo'
DEFS='-DHAVE_CONFIG_H'
DEPDIR='.deps'
ECHO_C=''
ECHO_N='-n'
ECHO_T=''
EGREP='/bin/grep -E'
ETAGS='etags'
EXEEXT=''
GREP='/bin/grep'
INSTALL_DATA='${INSTALL} -m 644'
INSTALL_PROGRAM='${INSTALL}'
INSTALL_SCRIPT='${INSTALL}'
INSTALL_STRIP_PROGRAM='$(install_sh) -c -s'
LDFLAGS=''
LIBOBJS=''
LIBS=''
LN_S='ln -s'
LTLIBOBJS=''
MAKEINFO='${SHELL} '\''/home/germ/cronolog/config/missing'\'' makeinfo'
MKDIR_P='/bin/mkdir -p'
OBJEXT='o'
PACKAGE='cronolog'
PACKAGE_BUGREPORT='A.Ford@ford-mason.co.uk'
PACKAGE_NAME='cronolog'
PACKAGE_STRING='cronolog 1.6.3'
PACKAGE_TARNAME='cronolog'
PACKAGE_URL=''
PACKAGE_VERSION='1.6.3'
PATH_SEPARATOR=':'
PERL='/usr/bin/perl'
RANLIB='ranlib'
SET_MAKE=''
SHELL='/bin/sh'
STRIP=''
VERSION='1.6.3'
ac_ct_CC='gcc'
am__EXEEXT_FALSE=''
am__EXEEXT_TRUE='#'
am__fastdepCC_FALSE='#'
am__fastdepCC_TRUE=''
am__include='include'
am__isrc=''
am__leading_dot='.'
am__nodep='_no'
am__quote=''
am__tar='$${TAR-tar} chof - "$$tardir"'
am__untar='$${TAR-tar} xf -'
bindir='${exec_prefix}/bin'
build='x86_64-pc-linux-gnu'
build_alias=''
build_cpu='x86_64'
build_os='linux-gnu'
build_vendor='pc'
datadir='${datarootdir}'
datarootdir='${prefix}/share'
docdir='${datarootdir}/doc/${PACKAGE_TARNAME}'
dvidir='${docdir}'
exec_prefix='${prefix}'
host='x86_64-pc-linux-gnu'
host_alias=''
host_cpu='x86_64'
host_os='linux-gnu'
host_vendor='pc'
htmldir='${docdir}'
includedir='${prefix}/include'
infodir='${datarootdir}/info'
install_sh='${SHELL} /home/germ/cronolog/config/install-sh'
libdir='${exec_prefix}/lib'
libexecdir='${exec_prefix}/libexec'
localedir='${datarootdir}/locale'
localstatedir='${prefix}/var'
mandir='${datarootdir}/man'
mkdir_p='$(MKDIR_P)'
oldincludedir='/usr/include'
pdfdir='${docdir}'
prefix='/usr/local'
program_transform_name='s,x,x,'
psdir='${docdir}'
runstatedir='${localstatedir}/run'
sbindir='${exec_prefix}/sbin'
sharedstatedir='${prefix}/com'
sysconfdir='${prefix}/etc'
target_alias=''

## ----------- ##
## confdefs.h. ##
## ----------- ##

/* confdefs.h */
#define PACKAGE_NAME "cronolog"
#define PACKAGE_TARNAME "cronolog"
#define PACKAGE_VERSION "1.6.3"
#define PACKAGE_STRING "cronolog 1.6.3"
#define PACKAGE_BUGREPORT "A.Ford@ford-mason.co.uk"
#define PACKAGE_URL ""
#define PACKAGE "cronolog"
#define VERSION "1.6.3"
#define HAVE_STDIO_H 1
#define HAVE_STDLIB_H 1
#define HAVE_STRING_H 1
#define HAVE_INTTYPES_H 1
#define HAVE_STDINT_H 1
#define HAVE_STRINGS_H 1
#define HAVE_SYS_STAT_H 1
#define HAVE_SYS_TYPES_H 1
#define HAVE_UNISTD_H 1
#define HAVE_SYS_TIME_H 1
#define STDC_HEADERS 1
#define TIME_WITH_SYS_TIME 1
#define HAVE_STRUCT_TM_TM_ZONE 1
#define HAVE_TM_ZONE 1
#define HAVE_FCNTL_H 1
#define HAVE_LANGINFO_H 1
#define HAVE_LIBINTL_H 1
#define HAVE_LIMITS_H 1
#define HAVE_LOCALE_H 1
#define HAVE_STDLIB_H 1
#define HAVE_STRING_H 1
#define HAVE_SYS_TIME_H 1
#define HAVE_UNISTD_H 1
#define HAVE_MALLOC 1
#define HAVE_ALARM 1
#define HAVE_VPRINTF 1
#define LSTAT_FOLLOWS_SLASHED_SYMLINK 1
#define HAVE_STRFTIME 1
#define HAVE_LOCALTIME_R 1
#define HAVE_MEMSET 1
#define HAVE_MKDIR 1
#define HAVE_NL_LANGINFO 1
#define HAVE_PUTENV 1
#define HAVE_STRCASECMP 1
#define HAVE_STRCHR 1
#define HAVE_STRNCASECMP 1
#define HAVE_STRPTIME 1
#define HAVE_LOCALTIME_R 1

configure: exit 0
